<component name="libraryTable">
  <library name="junit-4.13-beta-3">
    <CLASSES />
    <JAVADOC />
    <SOURCES>
      <root url="file://$PROJECT_DIR$/src" />
    </SOURCES>
  </library>
</component>